C:\WORKSPACE\EMGLOGGER\DEBUG\EMGLOGGER.PCH
C:\WORKSPACE\EMGLOGGER\DEBUG\STDAFX.OBJ
C:\WORKSPACE\EMGLOGGER\DEBUG\VC110.PDB
C:\WORKSPACE\EMGLOGGER\DEBUG\EMGLOGGER.OBJ
C:\WORKSPACE\EMGLOGGER\DEBUG\OPI_UCE_WIN.OBJ
C:\WORKSPACE\EMGLOGGER\DEBUG\EMGLOGGER.ILK
C:\WORKSPACE\EMGLOGGER\DEBUG\EMGLOGGER.EXE
C:\WORKSPACE\EMGLOGGER\DEBUG\EMGLOGGER.PDB
C:\workspace\EMGLogger\Debug\EMGLogger.obj
C:\workspace\EMGLogger\Debug\opi_uce_win.obj
C:\workspace\EMGLogger\Debug\stdafx.obj
C:\workspace\EMGLogger\Debug\EMGLogger.ilk
C:\workspace\EMGLogger\Debug\cl.command.1.tlog
C:\workspace\EMGLogger\Debug\CL.read.1.tlog
C:\workspace\EMGLogger\Debug\CL.write.1.tlog
C:\workspace\EMGLogger\Debug\link-cvtres.read.1.tlog
C:\workspace\EMGLogger\Debug\link-cvtres.write.1.tlog
C:\workspace\EMGLogger\Debug\link-rc.read.1.tlog
C:\workspace\EMGLogger\Debug\link-rc.write.1.tlog
C:\workspace\EMGLogger\Debug\link.2148-cvtres.read.1.tlog
C:\workspace\EMGLogger\Debug\link.2148-cvtres.write.1.tlog
C:\workspace\EMGLogger\Debug\link.2148-rc.read.1.tlog
C:\workspace\EMGLogger\Debug\link.2148-rc.write.1.tlog
C:\workspace\EMGLogger\Debug\link.2148.read.1.tlog
C:\workspace\EMGLogger\Debug\link.2148.write.1.tlog
C:\workspace\EMGLogger\Debug\link.command.1.tlog
C:\workspace\EMGLogger\Debug\link.read.1.tlog
C:\workspace\EMGLogger\Debug\link.write.1.tlog
C:\workspace\EMGLogger\Debug\EMGLogger.pch
C:\workspace\EMGLogger\Debug\vc110.idb
C:\workspace\EMGLogger\Debug\EMGLogger.pdb
C:\workspace\EMGLogger\Debug\vc110.pdb
C:\workspace\EMGLogger\Debug\EMGLogger.exe
